Arguments: 
  /usr/local/bin/node /home/grzes/.yarn/bin/yarn.js add --dev typescript ts-node @types/node

PATH: 
  /home/grzes/.yarn/bin:/home/grzes/.config/yarn/global/node_modules/.bin:/home/grzes/perl5/bin:/usr/local/sbin:/usr/local/bin:/usr/sbin:/usr/bin:/sbin:/bin:/usr/games:/usr/local/games:/snap/bin:/home/grzes/z88dk/bin:/home/grzes/z88dk/bin

Yarn version: 
  1.22.19

Node version: 
  16.20.2

Platform: 
  linux x64

Trace: 
  Error: unable to get local issuer certificate
      at TLSSocket.onConnectSecure (node:_tls_wrap:1539:34)
      at TLSSocket.emit (node:events:513:28)
      at TLSSocket._finishInit (node:_tls_wrap:953:8)
      at TLSWrap.ssl.onhandshakedone (node:_tls_wrap:734:12)

npm manifest: 
  {
    "name": "vue-essentials",
    "version": "1.0.0",
    "main": "index.js",
    "license": "MIT"
  }

yarn manifest: 
  No manifest

Lockfile: 
  No lockfile
